Build started 10/17/2014 1:00:54 AM.
     1>Project "F:\Portfolio\Programming\RICA\RICA\RICA\RICA.vcxproj" on node 2 (build target(s)).
     1>InitializeBuildStatus:
         Creating "Debug\RICA.unsuccessfulbuild" because "AlwaysCreate" was specified.
       ClCompile:
         F:\Microsoft Visual Studio 2010 Professional\VC\bin\CL.exe /c /ZI /nologo /W3 /WX- /Od /Oy- /D _MBCS /Gm /EHsc /RTC1 /MDd /GS /fp:precise /Zc:wchar_t /Zc:forScope /Fo"Debug\\" /Fd"Debug\vc100.pdb" /Gd /TP /analyze- /errorReport:prompt RICA_Math.cpp
         RICA_Math.cpp
       Link:
         F:\Microsoft Visual Studio 2010 Professional\VC\bin\link.exe /ERRORREPORT:PROMPT /OUT:"F:\Portfolio\Programming\RICA\RICA\Debug\RICA.exe" /NOLOGO kernel32.lib user32.lib gdi32.lib winspool.lib comdlg32.lib advapi32.lib shell32.lib ole32.lib oleaut32.lib uuid.lib odbc32.lib odbccp32.lib /MANIFEST /ManifestFile:"Debug\RICA.exe.intermediate.manifest" /MANIFESTUAC:"level='asInvoker' uiAccess='false'" /DEBUG /PDB:"F:\Portfolio\Programming\RICA\RICA\Debug\RICA.pdb" /TLBID:1 /DYNAMICBASE /NXCOMPAT /IMPLIB:"F:\Portfolio\Programming\RICA\RICA\Debug\RICA.lib" /MACHINE:X86 Debug\R.I.C.A.obj
         Debug\RICA_Math.obj
         LINK : F:\Portfolio\Programming\RICA\RICA\Debug\RICA.exe not found or not built by the last incremental link; performing full link
         RICA.vcxproj -> F:\Portfolio\Programming\RICA\RICA\Debug\RICA.exe
       Manifest:
         C:\Program Files (x86)\Microsoft SDKs\Windows\v7.0A\bin\mt.exe /nologo /verbose /outputresource:"F:\Portfolio\Programming\RICA\RICA\Debug\RICA.exe;#1" /manifest Debug\RICA.exe.intermediate.manifest
       FinalizeBuildStatus:
         Deleting file "Debug\RICA.unsuccessfulbuild".
         Touching "Debug\RICA.lastbuildstate".
     1>Done Building Project "F:\Portfolio\Programming\RICA\RICA\RICA\RICA.vcxproj" (build target(s)).

Build succeeded.

Time Elapsed 00:00:00.90
